[debug] [2025-05-09T18:19:20.566Z] ----------------------------------------------------------------------
[debug] [2025-05-09T18:19:20.568Z] Command:       C:\Program Files\nodejs\node.exe C:\Program Files\nodejs\node_modules\firebase-tools\lib\bin\firebase.js init
[debug] [2025-05-09T18:19:20.569Z] CLI Version:   14.3.0
[debug] [2025-05-09T18:19:20.569Z] Platform:      win32
[debug] [2025-05-09T18:19:20.569Z] Node Version:  v20.19.1
[debug] [2025-05-09T18:19:20.569Z] Time:          Fri May 09 2025 14:19:20 GMT-0400 (北美东部夏令时间)
[debug] [2025-05-09T18:19:20.569Z] ----------------------------------------------------------------------
[debug] 
[debug] [2025-05-09T18:19:20.574Z] > command requires scopes: ["email","openid","https://www.googleapis.com/auth/cloudplatformprojects.readonly","https://www.googleapis.com/auth/firebase","https://www.googleapis.com/auth/cloud-platform"]
[debug] [2025-05-09T18:19:20.575Z] > authorizing via signed-in user (lilanxi0221@gmail.com)
[info] 
     ######## #### ########  ######## ########     ###     ######  ########
     ##        ##  ##     ## ##       ##     ##  ##   ##  ##       ##
     ######    ##  ########  ######   ########  #########  ######  ######
     ##        ##  ##    ##  ##       ##     ## ##     ##       ## ##
     ##       #### ##     ## ######## ########  ##     ##  ######  ########

You're about to initialize a Firebase project in this directory:

  C:\Users\Doubl\OneDrive\Desktop\Internship\Learning\Vue\project4\muso-ninjas

[info] 
=== Project Setup
[info] 
[info] First, let's associate this project directory with a Firebase project.
[info] You can create multiple project aliases by running firebase use --add, 
[info] but for now we'll just set up a default project.
[info] 
[debug] [2025-05-09T18:19:41.403Z] Checked if tokens are valid: true, expires at: 1746818114791
[debug] [2025-05-09T18:19:41.404Z] Checked if tokens are valid: true, expires at: 1746818114791
[debug] [2025-05-09T18:19:41.405Z] >>> [apiv2][query] GET https://firebase.googleapis.com/v1beta1/projects pageSize=100
[debug] [2025-05-09T18:19:41.789Z] <<< [apiv2][status] GET https://firebase.googleapis.com/v1beta1/projects 200
[debug] [2025-05-09T18:19:41.789Z] <<< [apiv2][body] GET https://firebase.googleapis.com/v1beta1/projects [omitted]
[info] i  Using project muso-ninjas-239cf (Muso Ninjas) 
[info] 
=== Firestore Setup
[debug] [2025-05-09T18:19:43.409Z] Checked if tokens are valid: true, expires at: 1746818114791
[debug] [2025-05-09T18:19:43.410Z] Checked if tokens are valid: true, expires at: 1746818114791
[debug] [2025-05-09T18:19:43.410Z] >>> [apiv2][query] GET https://serviceusage.googleapis.com/v1/projects/muso-ninjas-239cf/services/firestore.googleapis.com [none]
[debug] [2025-05-09T18:19:43.410Z] >>> [apiv2][(partial)header] GET https://serviceusage.googleapis.com/v1/projects/muso-ninjas-239cf/services/firestore.googleapis.com x-goog-quota-user=projects/muso-ninjas-239cf
[debug] [2025-05-09T18:19:44.125Z] <<< [apiv2][status] GET https://serviceusage.googleapis.com/v1/projects/muso-ninjas-239cf/services/firestore.googleapis.com 200
[debug] [2025-05-09T18:19:44.126Z] <<< [apiv2][body] GET https://serviceusage.googleapis.com/v1/projects/muso-ninjas-239cf/services/firestore.googleapis.com [omitted]
[debug] [2025-05-09T18:19:44.127Z] Checked if tokens are valid: true, expires at: 1746818114791
[debug] [2025-05-09T18:19:44.127Z] Checked if tokens are valid: true, expires at: 1746818114791
[debug] [2025-05-09T18:19:44.127Z] >>> [apiv2][query] GET https://firestore.googleapis.com/v1/projects/muso-ninjas-239cf/databases/(default) [none]
[debug] [2025-05-09T18:19:44.451Z] <<< [apiv2][status] GET https://firestore.googleapis.com/v1/projects/muso-ninjas-239cf/databases/(default) 200
[debug] [2025-05-09T18:19:44.451Z] <<< [apiv2][body] GET https://firestore.googleapis.com/v1/projects/muso-ninjas-239cf/databases/(default) {"name":"projects/muso-ninjas-239cf/databases/(default)","uid":"ed439e11-169d-45cc-8727-b6c9f1338356","createTime":"2025-05-09T03:36:04.196017Z","updateTime":"2025-05-09T03:36:04.196017Z","locationId":"nam5","type":"FIRESTORE_NATIVE","concurrencyMode":"PESSIMISTIC","versionRetentionPeriod":"3600s","earliestVersionTime":"2025-05-09T17:19:44.420829Z","appEngineIntegrationMode":"DISABLED","keyPrefix":"s","pointInTimeRecoveryEnablement":"POINT_IN_TIME_RECOVERY_DISABLED","deleteProtectionState":"DELETE_PROTECTION_DISABLED","databaseEdition":"STANDARD","freeTier":true,"etag":"IJH02pWAl40DMNf/pYT9lo0D"}
[debug] [2025-05-09T18:19:44.451Z] database_type: FIRESTORE_NATIVE
[debug] [2025-05-09T18:19:44.451Z] database_type: FIRESTORE_NATIVE
[debug] [2025-05-09T18:19:44.451Z] > command requires scopes: ["email","openid","https://www.googleapis.com/auth/cloudplatformprojects.readonly","https://www.googleapis.com/auth/firebase","https://www.googleapis.com/auth/cloud-platform"]
[debug] [2025-05-09T18:19:44.452Z] > authorizing via signed-in user (lilanxi0221@gmail.com)
[debug] [2025-05-09T18:19:44.452Z] [iam] checking project muso-ninjas-239cf for permissions ["firebase.projects.get"]
[debug] [2025-05-09T18:19:44.452Z] Checked if tokens are valid: true, expires at: 1746818114791
[debug] [2025-05-09T18:19:44.452Z] Checked if tokens are valid: true, expires at: 1746818114791
[debug] [2025-05-09T18:19:44.452Z] >>> [apiv2][query] POST https://cloudresourcemanager.googleapis.com/v1/projects/muso-ninjas-239cf:testIamPermissions [none]
[debug] [2025-05-09T18:19:44.452Z] >>> [apiv2][(partial)header] POST https://cloudresourcemanager.googleapis.com/v1/projects/muso-ninjas-239cf:testIamPermissions x-goog-quota-user=projects/muso-ninjas-239cf
[debug] [2025-05-09T18:19:44.452Z] >>> [apiv2][body] POST https://cloudresourcemanager.googleapis.com/v1/projects/muso-ninjas-239cf:testIamPermissions {"permissions":["firebase.projects.get"]}
[debug] [2025-05-09T18:19:44.661Z] <<< [apiv2][status] POST https://cloudresourcemanager.googleapis.com/v1/projects/muso-ninjas-239cf:testIamPermissions 200
[debug] [2025-05-09T18:19:44.661Z] <<< [apiv2][body] POST https://cloudresourcemanager.googleapis.com/v1/projects/muso-ninjas-239cf:testIamPermissions {"permissions":["firebase.projects.get"]}
[info] 
[info] Firestore Security Rules allow you to define how and when to allow
[info] requests. You can keep these rules in your project directory
[info] and publish them with firebase deploy.
[info] 
[debug] [2025-05-09T18:19:48.408Z] Checked if tokens are valid: true, expires at: 1746818114791
[debug] [2025-05-09T18:19:48.408Z] Checked if tokens are valid: true, expires at: 1746818114791
[debug] [2025-05-09T18:19:48.408Z] >>> [apiv2][query] GET https://firebaserules.googleapis.com/v1/projects/muso-ninjas-239cf/releases pageSize=10&pageToken=
[debug] [2025-05-09T18:19:48.660Z] <<< [apiv2][status] GET https://firebaserules.googleapis.com/v1/projects/muso-ninjas-239cf/releases 200
[debug] [2025-05-09T18:19:48.661Z] <<< [apiv2][body] GET https://firebaserules.googleapis.com/v1/projects/muso-ninjas-239cf/releases {"releases":[{"name":"projects/muso-ninjas-239cf/releases/cloud.firestore","rulesetName":"projects/muso-ninjas-239cf/rulesets/09e648cc-1655-4e94-bd23-73b2749d99c9","createTime":"2025-05-09T03:36:08.695408Z","updateTime":"2025-05-09T03:36:08.695408Z"}]}
[debug] [2025-05-09T18:19:48.661Z] Found ruleset: projects/muso-ninjas-239cf/rulesets/09e648cc-1655-4e94-bd23-73b2749d99c9
[debug] [2025-05-09T18:19:48.661Z] Checked if tokens are valid: true, expires at: 1746818114791
[debug] [2025-05-09T18:19:48.661Z] Checked if tokens are valid: true, expires at: 1746818114791
[debug] [2025-05-09T18:19:48.661Z] >>> [apiv2][query] GET https://firebaserules.googleapis.com/v1/projects/muso-ninjas-239cf/rulesets/09e648cc-1655-4e94-bd23-73b2749d99c9 [none]
[debug] [2025-05-09T18:19:48.834Z] <<< [apiv2][status] GET https://firebaserules.googleapis.com/v1/projects/muso-ninjas-239cf/rulesets/09e648cc-1655-4e94-bd23-73b2749d99c9 200
[debug] [2025-05-09T18:19:48.834Z] <<< [apiv2][body] GET https://firebaserules.googleapis.com/v1/projects/muso-ninjas-239cf/rulesets/09e648cc-1655-4e94-bd23-73b2749d99c9 [omitted]
[debug] [2025-05-09T18:19:48.835Z] TypeError [ERR_INVALID_ARG_TYPE]: The "path" argument must be of type string. Received undefined
    at Object.isAbsolute (node:path:453:5)
    at Config.path (C:\Users\Doubl\AppData\Roaming\nvm\v20.19.1\node_modules\firebase-tools\lib\config.js:130:18)
    at Config.writeProjectFile (C:\Users\Doubl\AppData\Roaming\nvm\v20.19.1\node_modules\firebase-tools\lib\config.js:162:32)
    at C:\Users\Doubl\AppData\Roaming\nvm\v20.19.1\node_modules\firebase-tools\lib\init\features\firestore\rules.js:37:23
    at process.processTicksAndRejections (node:internal/process/task_queues:95:5)
    at async doSetup (C:\Users\Doubl\AppData\Roaming\nvm\v20.19.1\node_modules\firebase-tools\lib\init\features\firestore\index.js:48:5)
    at async init (C:\Users\Doubl\AppData\Roaming\nvm\v20.19.1\node_modules\firebase-tools\lib\init\index.js:41:9)
    at async Command.initAction [as actionFn] (C:\Users\Doubl\AppData\Roaming\nvm\v20.19.1\node_modules\firebase-tools\lib\commands\init.js:187:5)
[error] 
[error] Error: An unexpected error has occurred.
